<?xml version="1.0" encoding="UTF-8"?>
<testsuite name="com.mgsj.hsj.MgsjHsjApplicationTests" tests="1" skipped="0" failures="0" errors="0" timestamp="2023-03-31T16:21:56" hostname="lukaui-MacBook-Pro.local" time="0.325">
  <properties/>
  <testcase name="contextLoads()" classname="com.mgsj.hsj.MgsjHsjApplicationTests" time="0.325"/>
  <system-out><![CDATA[01:21:55.232 [Test worker] DEBUG org.springframework.boot.test.context.SpringBootTestContextBootstrapper -- Neither @ContextConfiguration nor @ContextHierarchy found for test class [MgsjHsjApplicationTests]: using SpringBootContextLoader
01:21:55.237 [Test worker] DEBUG org.springframework.test.context.support.AbstractContextLoader -- Could not detect default resource locations for test class [com.mgsj.hsj.MgsjHsjApplicationTests]: no resource found for suffixes {-context.xml, Context.groovy}.
01:21:55.239 [Test worker] INFO org.springframework.test.context.support.AnnotationConfigContextLoaderUtils -- Could not detect default configuration classes for test class [com.mgsj.hsj.MgsjHsjApplicationTests]: MgsjHsjApplicationTests does not declare any static, non-private, non-final, nested classes annotated with @Configuration.
01:21:55.259 [Test worker] DEBUG org.springframework.boot.test.context.SpringBootTestContextBootstrapper -- Using ContextCustomizers for test class [MgsjHsjApplicationTests]: [DisableObservabilityContextCustomizer, PropertyMappingContextCustomizer, Customizer, ExcludeFilterContextCustomizer, DuplicateJsonObjectContextCustomizer, MockitoContextCustomizer, TestRestTemplateContextCustomizer]
01:21:55.334 [Test worker] DEBUG org.springframework.context.annotation.ClassPathScanningCandidateComponentProvider -- Identified candidate component class: file [/Users/luka/Documents/workspace/project_mgsz/build/classes/java/main/com/mgsj/hsj/MgsjHsjApplication.class]
01:21:55.336 [Test worker] INFO org.springframework.boot.test.context.SpringBootTestContextBootstrapper -- Found @SpringBootConfiguration com.mgsj.hsj.MgsjHsjApplication for test class com.mgsj.hsj.MgsjHsjApplicationTests
01:21:55.421 [Test worker] DEBUG org.springframework.test.context.util.TestContextSpringFactoriesUtils -- Skipping candidate TestExecutionListener [org.springframework.test.context.transaction.TransactionalTestExecutionListener] due to a missing dependency. Specify custom TestExecutionListener classes or make the default TestExecutionListener classes and their required dependencies available. Offending class: [org/springframework/transaction/interceptor/TransactionAttributeSource]
01:21:55.423 [Test worker] DEBUG org.springframework.test.context.util.TestContextSpringFactoriesUtils -- Skipping candidate TestExecutionListener [org.springframework.test.context.jdbc.SqlScriptsTestExecutionListener] due to a missing dependency. Specify custom TestExecutionListener classes or make the default TestExecutionListener classes and their required dependencies available. Offending class: [org/springframework/transaction/interceptor/TransactionAttribute]
01:21:55.425 [Test worker] DEBUG org.springframework.boot.test.context.SpringBootTestContextBootstrapper -- Using TestExecutionListeners for test class [MgsjHsjApplicationTests]: [ServletTestExecutionListener, DirtiesContextBeforeModesTestExecutionListener, ApplicationEventsTestExecutionListener, MockitoTestExecutionListener, DependencyInjectionTestExecutionListener, DirtiesContextTestExecutionListener, EventPublishingTestExecutionListener, RestDocsTestExecutionListener, MockRestServiceServerResetTestExecutionListener, MockMvcPrintOnlyOnFailureTestExecutionListener, WebDriverTestExecutionListener, MockWebServiceServerTestExecutionListener, ResetMocksTestExecutionListener]
01:21:55.427 [Test worker] DEBUG org.springframework.test.context.support.AbstractDirtiesContextTestExecutionListener -- Before test class: class [MgsjHsjApplicationTests], class annotated with @DirtiesContext [false] with mode [null]

  .   ____          _            __ _ _
 /\\ / ___'_ __ _ _(_)_ __  __ _ \ \ \ \
( ( )\___ | '_ | '_| | '_ \/ _` | \ \ \ \
 \\/  ___)| |_)| | | | | || (_| |  ) ) ) )
  '  |____| .__|_| |_|_| |_\__, | / / / /
 =========|_|==============|___/=/_/_/_/
 :: Spring Boot ::                (v3.0.5)

2023-04-01T01:21:55.710+09:00  INFO 93018 --- [    Test worker] com.mgsj.hsj.MgsjHsjApplicationTests     : Starting MgsjHsjApplicationTests using Java 17.0.6 with PID 93018 (started by luka in /Users/luka/Documents/workspace/project_mgsz)
2023-04-01T01:21:55.712+09:00  INFO 93018 --- [    Test worker] com.mgsj.hsj.MgsjHsjApplicationTests     : No active profile set, falling back to 1 default profile: "default"
2023-04-01T01:21:56.740+09:00  INFO 93018 --- [    Test worker] com.mgsj.hsj.MgsjHsjApplicationTests     : Started MgsjHsjApplicationTests in 1.27 seconds (process running for 2.374)
]]></system-out>
  <system-err><![CDATA[]]></system-err>
</testsuite>
